number,values_0,values_1,datetime_start,datetime_complete,duration,params_cluster_on_bev,params_dbscan_eps_3d,params_dbscan_eps_bev,params_dbscan_min_samples,params_min_frames_associated,params_min_points_per_cluster,params_motion_tolerance,params_temporal_window,system_attrs_NSGAIISampler:generation,state
0,0.032542004967987516,0.12326575425755877,2026-05-24 14:59:28.395264,2026-05-24 15:11:27.156306,0 days 00:11:58.761042,False,1.7591170623948833,,16,3,6,0.7212503291945787,11,0,COMPLETE
1,0.14284238960654255,0.1721367634781446,2026-05-24 15:11:27.189887,2026-05-24 15:20:23.259039,0 days 00:08:56.069152,False,0.530128117736181,,3,4,9,2.5475951301611386,14,0,COMPLETE
2,0.165008087033955,0.22070302702742023,2026-05-24 15:20:23.299235,2026-05-24 15:28:14.264602,0 days 00:07:50.965367,False,0.8594513179286452,,10,3,12,1.9520028157504248,8,0,COMPLETE
3,0.14938838724814457,0.19177126936511288,2026-05-24 15:28:14.298644,2026-05-24 15:34:48.206321,0 days 00:06:33.907677,False,0.5069434226371248,,6,2,20,1.8995193359275149,10,0,COMPLETE
4,0.09561865250182856,0.18907214036910472,2026-05-24 15:34:48.239596,2026-05-24 15:43:06.718162,0 days 00:08:18.478566,False,0.9922744887312824,,20,3,22,1.1224571767681009,13,0,COMPLETE
5,0.029189505354586465,0.13768589627613062,2026-05-24 15:43:06.752715,2026-05-24 15:52:12.668977,0 days 00:09:05.916262,False,1.1361224381200594,,3,9,13,0.9987059503200457,14,0,COMPLETE
6,0.0,0.0,2026-05-24 15:52:12.703117,2026-05-24 16:01:53.441060,0 days 00:09:40.737943,True,,1.8593736230416102,20,12,20,2.8366471422233106,12,0,COMPLETE
7,0.09213630512123834,0.15979298473545328,2026-05-24 16:01:53.474921,2026-05-24 16:10:28.385692,0 days 00:08:34.910771,False,0.8421559880484608,,3,5,26,1.3494286821616015,8,0,COMPLETE
8,0.0,0.0,2026-05-24 16:10:28.423155,2026-05-24 16:17:12.096491,0 days 00:06:43.673336,False,0.5576882267615104,,5,13,25,0.5012867379353813,13,0,COMPLETE
9,0.11235670246614235,0.22524369490074084,2026-05-24 16:17:12.132582,2026-05-24 16:22:37.556173,0 days 00:05:25.423591,False,0.4085643071452335,,15,2,14,2.3824299360520533,12,0,COMPLETE
10,0.019170065464930303,0.12303451648205346,2026-05-24 16:22:37.598963,2026-05-24 16:31:02.418795,0 days 00:08:24.819832,True,,1.3476034484393835,8,5,23,1.139652268632288,6,0,COMPLETE
11,0.040075592269326686,0.14147246355760124,2026-05-24 16:31:02.462819,2026-05-24 16:39:17.559900,0 days 00:08:15.097081,True,,1.0888320734559034,5,8,25,2.354119631265623,12,0,COMPLETE
12,0.0,0.0,2026-05-24 16:39:17.603795,2026-05-24 16:46:55.709869,0 days 00:07:38.106074,True,,1.115427244096465,3,9,13,0.3848588013541825,6,0,COMPLETE
13,0.12582865336686924,0.21617650742735423,2026-05-24 16:46:55.754055,2026-05-24 16:53:07.793815,0 days 00:06:12.039760,True,,0.49019831705720796,10,2,12,0.9177550468273807,12,0,COMPLETE
14,0.05964939743027356,0.14002290185394717,2026-05-24 16:53:07.840717,2026-05-24 17:01:35.425353,0 days 00:08:27.584636,True,,1.1708160354481714,14,4,28,2.469914607627609,13,0,COMPLETE
15,0.0,0.0,2026-05-24 17:01:35.471753,2026-05-24 17:12:42.518368,0 days 00:11:07.046615,False,1.7493150498614183,,8,7,26,0.9154249388632425,6,0,COMPLETE
16,0.01812604544529383,0.1739290071218266,2026-05-24 17:12:42.569477,2026-05-24 17:19:03.682029,0 days 00:06:21.112552,False,0.7817652776373594,,10,6,29,0.6236364918009436,7,0,COMPLETE
17,0.1620294271344886,0.2350586636834279,2026-05-24 17:19:03.736894,2026-05-24 17:26:06.353344,0 days 00:07:02.616450,False,0.7415809576701855,,9,5,17,2.8986076963437,14,0,COMPLETE
18,0.0032948852461514174,0.16681216057529866,2026-05-24 17:26:06.406860,2026-05-24 17:31:55.939560,0 days 00:05:49.532700,True,,0.6312114032005504,13,5,28,0.4389926283749712,10,0,COMPLETE
19,0.0,0.0,2026-05-24 17:31:55.981346,2026-05-24 17:42:25.237642,0 days 00:10:29.256296,False,1.5107894275013471,,20,11,11,2.114765977995872,8,0,COMPLETE
20,0.0,0.0,2026-05-24 17:42:25.279889,2026-05-24 17:47:56.753083,0 days 00:05:31.473194,False,0.5357333187197376,,14,12,13,0.5437823791469024,10,0,COMPLETE
21,0.13994739146272706,0.26833448083163963,2026-05-24 17:47:56.794921,2026-05-24 17:53:29.091142,0 days 00:05:32.296221,False,0.5138595722089846,,15,4,21,1.6826512574080588,6,0,COMPLETE
22,0.01679870610488226,0.11487132911785505,2026-05-24 17:53:29.132296,2026-05-24 18:02:18.514070,0 days 00:08:49.381774,True,,1.779210836085766,19,3,29,1.220879147835698,7,0,COMPLETE
23,0.05398764802727797,0.13932418265862045,2026-05-24 18:02:18.555520,2026-05-24 18:12:42.312101,0 days 00:10:23.756581,False,1.814988364315988,,17,4,7,1.7300565615612176,10,0,COMPLETE
24,0.0,0.0,2026-05-24 18:12:42.354509,2026-05-24 18:20:57.936554,0 days 00:08:15.582045,True,,1.603775982543723,9,12,28,2.2600803329496464,9,0,COMPLETE
25,0.09399555801483132,0.1650573497611347,2026-05-24 18:20:57.976473,2026-05-24 18:29:26.082352,0 days 00:08:28.105879,True,,1.3943031843945004,5,2,7,1.937358461080893,14,0,COMPLETE
26,0.14047701077492816,0.2312356302814758,2026-05-24 18:29:26.122824,2026-05-24 18:35:46.212496,0 days 00:06:20.089672,False,0.6270483574942401,,12,4,23,2.0602954006570213,12,0,COMPLETE
27,0.10199446283726313,0.19028851997245744,2026-05-24 18:35:46.250853,2026-05-24 18:42:50.959436,0 days 00:07:04.708583,False,0.8618884455069804,,14,8,7,2.075554809210927,13,0,COMPLETE
28,0.0,0.0,2026-05-24 18:42:51.000910,2026-05-24 18:49:47.932164,0 days 00:06:56.931254,True,,1.1047467675893459,20,9,25,2.708525698978206,9,0,COMPLETE
29,0.13776395566725064,0.2174140335597421,2026-05-24 18:49:47.970509,2026-05-24 18:56:09.006859,0 days 00:06:21.036350,True,,0.5187992229326881,6,2,21,1.0580853785903106,12,0,COMPLETE
30,0.0036497274389780763,0.1032400978060206,2026-05-24 18:56:09.047309,2026-05-24 19:06:07.436398,0 days 00:09:58.389089,True,,1.9170714386046572,19,5,28,1.0580853785903106,12,1,COMPLETE
31,0.13170888724856256,0.1793276964407561,2026-05-24 19:06:07.473907,2026-05-24 19:13:53.319071,0 days 00:07:45.845164,True,,0.8662856604597999,5,4,7,1.937358461080893,14,1,COMPLETE
32,0.00509291483354127,0.11832677248751623,2026-05-24 19:13:53.357295,2026-05-24 19:21:56.758144,0 days 00:08:03.400849,True,,0.9707314669711657,3,5,29,0.5012867379353813,10,1,COMPLETE
33,0.0,0.0,2026-05-24 19:21:56.791610,2026-05-24 19:32:38.582157,0 days 00:10:41.790547,False,1.7354170198412482,,6,13,21,2.9099680114179076,6,1,COMPLETE
34,0.1448398002361379,0.20075178102852667,2026-05-24 19:32:38.617972,2026-05-24 19:39:59.705080,0 days 00:07:21.087108,False,0.8931759114834654,,9,4,12,1.6826512574080588,14,1,COMPLETE
35,0.07963182523807057,0.15699041280305848,2026-05-24 19:39:59.741244,2026-05-24 19:50:50.471287,0 days 00:10:50.730043,False,1.7320460087303424,,12,2,14,2.0602954006570213,12,1,COMPLETE
36,0.03048295502418145,0.13265949715634429,2026-05-24 19:50:50.508165,2026-05-24 20:00:30.138501,0 days 00:09:39.630336,True,,1.8850785934894057,13,3,13,1.9520028157504248,8,1,COMPLETE
37,0.018422587707225192,0.11600314677294832,2026-05-24 20:00:30.175464,2026-05-24 20:09:37.942003,0 days 00:09:07.766539,True,,1.4528536340149514,14,4,28,1.0580853785903106,12,1,COMPLETE
38,0.07059850881081496,0.15683864287104893,2026-05-24 20:09:37.979272,2026-05-24 20:19:03.980890,0 days 00:09:26.001618,False,1.226110106160857,,16,8,7,2.075554809210927,13,1,COMPLETE
39,0.016310925641090296,0.12276284281880982,2026-05-24 20:19:04.019406,2026-05-24 20:28:31.036524,0 days 00:09:27.017118,False,1.3070130080585056,,17,4,29,0.5623765331810751,10,1,COMPLETE
40,0.046416791168440906,0.142967142382598,2026-05-24 20:28:31.073083,2026-05-24 20:40:02.401354,0 days 00:11:31.328271,False,1.9820969301876739,,15,4,9,2.5475951301611386,14,1,COMPLETE
41,0.025443017669105034,0.12395040305874074,2026-05-24 20:40:02.437598,2026-05-24 20:50:58.823055,0 days 00:10:56.385457,False,1.7792715294703199,,12,4,21,1.0580853785903106,12,1,COMPLETE
42,0.11161419096351895,0.1790861200128301,2026-05-24 20:50:58.860175,2026-05-24 21:00:55.158619,0 days 00:09:56.298444,False,1.533383511957568,,9,3,12,2.8986076963437,8,1,COMPLETE
43,0.061637978353250876,0.14241590681067254,2026-05-24 21:00:55.197290,2026-05-24 21:10:13.880763,0 days 00:09:18.683473,False,1.4546283337914823,,15,4,21,1.6826512574080588,6,1,COMPLETE
44,0.0,0.0,2026-05-24 21:10:13.916784,2026-05-24 21:20:00.511235,0 days 00:09:46.594451,False,1.4644713511767966,,5,13,25,1.8995193359275149,10,1,COMPLETE
45,0.004013456227736046,0.12106717982865312,2026-05-24 21:20:00.551304,2026-05-24 21:25:37.058007,0 days 00:05:36.506703,True,,0.8470840721955593,13,5,28,0.4389926283749712,10,1,COMPLETE
46,0.02729976519697365,0.1280758026466052,2026-05-24 21:25:37.096773,2026-05-24 21:35:43.145892,0 days 00:10:06.049119,False,1.6568500798613246,,8,7,20,1.8995193359275149,10,1,COMPLETE
47,0.07834749869369219,0.15681616818024136,2026-05-24 21:35:43.183989,2026-05-24 21:43:46.062874,0 days 00:08:02.878885,False,1.120416317949688,,14,4,28,1.7300565615612176,10,1,COMPLETE
48,0.05508119209149744,0.15040170115918233,2026-05-24 21:43:46.103085,2026-05-24 21:51:24.622546,0 days 00:07:38.519461,False,1.1027293304369594,,16,8,25,2.354119631265623,12,1,COMPLETE
49,0.012803386478374769,0.11601275027972148,2026-05-24 21:51:24.663137,2026-05-24 22:00:22.228172,0 days 00:08:57.565035,True,,1.632426804984982,17,10,28,2.5475951301611386,11,1,COMPLETE
50,0.013857743902722564,0.11794314551532763,2026-05-24 22:00:22.270296,2026-05-24 22:09:23.421445,0 days 00:09:01.151149,True,,1.8020096152716194,14,8,25,2.354119631265623,12,1,COMPLETE
51,0.15127656916442536,0.22784610134221586,2026-05-24 22:09:23.465190,2026-05-24 22:16:27.426448,0 days 00:07:03.961258,False,0.8083912823327646,,12,4,7,1.937358461080893,14,1,COMPLETE
52,0.12177458521720896,0.206008436649434,2026-05-24 22:16:27.470540,2026-05-24 22:21:08.292380,0 days 00:04:40.821840,True,,0.26469609283413575,6,4,21,1.8613563806896698,6,1,COMPLETE
53,0.10279551858943016,0.17675535717174756,2026-05-24 22:21:08.334715,2026-05-24 22:29:06.879432,0 days 00:07:58.544717,False,1.0380764326384284,,17,4,20,1.8995193359275149,10,1,COMPLETE
54,0.016256521425728605,0.16955350138528194,2026-05-24 22:29:06.922066,2026-05-24 22:34:01.141717,0 days 00:04:54.219651,False,0.254900449890289,,5,4,20,1.073661380746368,10,1,COMPLETE
55,0.0204353051544139,0.16372487810821157,2026-05-24 22:34:01.185076,2026-05-24 22:38:28.887963,0 days 00:04:27.702887,False,0.26722673974858596,,9,3,17,1.9520028157504248,8,1,COMPLETE
56,0.06365503421830479,0.14168635699304286,2026-05-24 22:38:28.937129,2026-05-24 22:49:04.322648,0 days 00:10:35.385519,False,1.680681009187385,,17,4,12,1.9520028157504248,8,1,COMPLETE
57,0.04766470054060723,0.14924840919318805,2026-05-24 22:49:04.366977,2026-05-24 22:57:09.107472,0 days 00:08:04.740495,False,1.1400378680986478,,15,8,8,1.2725147318104097,13,1,COMPLETE
58,0.03994908816818959,0.13355961050784268,2026-05-24 22:57:09.150686,2026-05-24 23:07:12.543660,0 days 00:10:03.392974,False,1.5859883955774996,,6,4,21,1.6826512574080588,10,1,COMPLETE
59,0.1489467569555163,0.19000017857886545,2026-05-24 23:07:12.589104,2026-05-24 23:16:45.157273,0 days 00:09:32.568169,False,0.5884778494943177,,3,2,13,0.9177550468273807,14,1,COMPLETE
60,0.03886569720264951,0.13655665829638103,2026-05-24 23:16:45.203089,2026-05-24 23:24:25.791445,0 days 00:07:40.588356,True,,1.1564383368226665,14,3,6,0.6236364918009436,7,2,COMPLETE
61,0.06264311209506167,0.14867994423820075,2026-05-24 23:24:25.835651,2026-05-24 23:32:35.472495,0 days 00:08:09.636844,True,,1.3473738226967718,12,4,12,1.6826512574080588,14,2,COMPLETE
62,0.09052959444142393,0.16278254154667868,2026-05-24 23:32:35.516102,2026-05-24 23:41:25.101551,0 days 00:08:49.585449,False,1.1293406269421515,,16,2,30,1.0580853785903106,12,2,COMPLETE
63,0.12230667355661795,0.23303809827591435,2026-05-24 23:41:25.146434,2026-05-24 23:47:01.464363,0 days 00:05:36.317929,False,0.6874980522717336,,17,4,25,1.1719824769413643,10,2,COMPLETE
64,0.07498352799745035,0.15314069407174066,2026-05-24 23:47:01.506362,2026-05-24 23:54:18.070115,0 days 00:07:16.563753,True,,0.990148557270145,10,3,21,1.0580853785903106,8,2,COMPLETE
65,0.05529708079169162,0.20603508145437704,2026-05-24 23:54:18.113375,2026-05-24 23:59:42.956238,0 days 00:05:24.842863,False,0.34122148641607875,,10,3,22,1.1224571767681009,13,2,COMPLETE
66,0.006933517110864623,0.1859728398265453,2026-05-24 23:59:43.007443,2026-05-25 00:04:21.454571,0 days 00:04:38.447128,False,0.24563133814782354,,14,8,9,2.5475951301611386,14,2,COMPLETE
67,0.02622955325790133,0.1299879709962922,2026-05-25 00:04:21.514512,2026-05-25 00:14:32.782914,0 days 00:10:11.268402,True,,1.7047642169219706,6,4,12,1.6826512574080588,14,2,COMPLETE
68,0.06846396614492035,0.21305459429578016,2026-05-25 00:14:32.839842,2026-05-25 00:19:28.624276,0 days 00:04:55.784434,True,,0.5119297761275224,15,10,15,1.8613563806896698,12,2,COMPLETE
69,0.1310322547944967,0.2579788687462962,2026-05-25 00:19:28.676576,2026-05-25 00:24:59.098662,0 days 00:05:30.422086,False,0.4815866768079549,,15,3,21,2.8986076963437,6,2,COMPLETE
70,0.01932594180527288,0.12787886802613194,2026-05-25 00:24:59.146977,2026-05-25 00:35:27.518858,0 days 00:10:28.371881,False,1.3883552780919162,,3,8,23,1.3494286821616015,13,2,COMPLETE
71,0.03262546625771867,0.12820370960376337,2026-05-25 00:35:27.569325,2026-05-25 00:48:19.318788,0 days 00:12:51.749463,False,1.9187575051937493,,3,2,21,1.6826512574080588,8,2,COMPLETE
72,0.0,0.0,2026-05-25 00:48:19.362240,2026-05-25 00:56:31.300704,0 days 00:08:11.938464,False,1.1978372945205213,,12,10,20,1.937358461080893,10,2,COMPLETE
73,0.056825019951673834,0.1587897531035349,2026-05-25 00:56:31.342471,2026-05-25 01:03:07.938122,0 days 00:06:36.595651,False,0.9552801123700219,,17,9,23,1.8995193359275149,10,2,COMPLETE
74,0.10874622532272646,0.2014642977889887,2026-05-25 01:03:07.980930,2026-05-25 01:10:05.206927,0 days 00:06:57.225997,False,0.840750821572271,,12,4,7,0.9688736716531252,14,2,COMPLETE
75,0.07033344699237376,0.15177157153992663,2026-05-25 01:10:05.243322,2026-05-25 01:21:35.593011,0 days 00:11:30.349689,False,1.5641229988358645,,10,4,12,1.937358461080893,8,2,COMPLETE
76,0.0321585382995976,0.22122415652990188,2026-05-25 01:21:35.631869,2026-05-25 01:26:21.943409,0 days 00:04:46.311540,False,0.40893075291244924,,20,3,5,1.1224571767681009,13,2,COMPLETE
77,0.0,0.0,2026-05-25 01:26:21.978460,2026-05-25 01:33:49.046035,0 days 00:07:27.067575,False,1.0535128923571855,,3,12,23,0.40996776626121934,6,2,COMPLETE
78,0.1511671770233463,0.2669188446032419,2026-05-25 01:33:49.079931,2026-05-25 01:39:18.035241,0 days 00:05:28.955310,False,0.5117633658380274,,15,2,14,1.5783737811075276,10,2,COMPLETE
79,0.14674926676681677,0.20719710298406085,2026-05-25 01:39:18.078398,2026-05-25 01:46:45.601735,0 days 00:07:27.523337,False,0.9809329686283514,,15,2,20,2.3824299360520533,10,2,COMPLETE
80,0.044697826695478365,0.1388032617015173,2026-05-25 01:46:45.648938,2026-05-25 01:56:33.384372,0 days 00:09:47.735434,False,1.3085301764939896,,6,6,21,1.6826512574080588,12,2,COMPLETE
81,0.11993085556080892,0.2179076078255393,2026-05-25 01:56:33.427828,2026-05-25 02:03:35.588123,0 days 00:07:02.160295,False,0.8743027063276483,,20,2,6,0.9177550468273807,11,2,COMPLETE
82,0.08278773991800943,0.16081533073017948,2026-05-25 02:03:35.629587,2026-05-25 02:13:58.750013,0 days 00:10:23.120426,False,1.3265478482856254,,3,2,13,0.9177550468273807,14,2,COMPLETE
83,0.04014864973615534,0.13071905556635857,2026-05-25 02:13:58.787335,2026-05-25 02:24:31.800842,0 days 00:10:33.013507,False,1.74168171413898,,12,4,21,1.6584678981662369,12,2,COMPLETE
84,0.10097591295328905,0.22013028608020724,2026-05-25 02:24:31.838467,2026-05-25 02:29:28.768068,0 days 00:04:56.929601,True,,0.3270237453207737,14,8,7,2.075554809210927,13,2,COMPLETE
85,0.004713166622006288,0.15485089120030487,2026-05-25 02:29:28.807208,2026-05-25 02:33:44.654774,0 days 00:04:15.847566,False,0.24772035897491929,,9,5,20,1.8995193359275149,11,2,COMPLETE
86,0.0,0.0,2026-05-25 02:33:44.693228,2026-05-25 02:42:06.145629,0 days 00:08:21.452401,False,1.2358535201765821,,10,13,14,1.881594069438351,12,2,COMPLETE
87,0.06717078832425037,0.14875885014987614,2026-05-25 02:42:06.183441,2026-05-25 02:51:27.128880,0 days 00:09:20.945439,False,1.3579187931962358,,9,4,23,2.0602954006570213,12,2,COMPLETE
88,0.1381489405582342,0.20105519124775442,2026-05-25 02:51:27.165856,2026-05-25 02:59:43.813166,0 days 00:08:16.647310,False,1.02485520288473,,15,4,14,2.5475951301611386,14,2,COMPLETE
89,0.0708069895542816,0.1527519656082695,2026-05-25 02:59:43.850494,2026-05-25 03:08:22.885040,0 days 00:08:39.034546,False,1.1821102207686829,,3,4,13,1.073661380746368,10,2,COMPLETE
90,0.04685663242383196,0.13748292826397154,2026-05-25 03:08:22.922442,2026-05-25 03:19:39.927508,0 days 00:11:17.005066,False,1.8946366557977452,,12,4,12,1.937358461080893,14,3,COMPLETE
91,0.06365095734318572,0.14881642262271988,2026-05-25 03:19:39.978880,2026-05-25 03:30:23.851515,0 days 00:10:43.872635,False,1.8296311555209148,,15,5,14,2.8986076963437,14,3,COMPLETE
92,0.15089207055018794,0.2610069308463739,2026-05-25 03:30:23.900732,2026-05-25 03:36:19.479592,0 days 00:05:55.578860,False,0.5524240426207336,,15,3,21,1.6826512574080588,8,3,COMPLETE
93,0.05329894334398017,0.20466818997915273,2026-05-25 03:36:19.529582,2026-05-25 03:41:43.622780,0 days 00:05:24.093198,False,0.32485034157529785,,15,2,14,2.3824299360520533,14,3,COMPLETE
94,0.11768948465791002,0.2354642612518207,2026-05-25 03:41:43.672006,2026-05-25 03:47:03.425720,0 days 00:05:19.753714,False,0.381400402479368,,10,3,12,1.9520028157504248,8,3,COMPLETE
95,0.09239706145819976,0.21712667371127722,2026-05-25 03:47:03.476053,2026-05-25 03:52:34.913509,0 days 00:05:31.437456,False,0.3699973293606711,,15,2,5,2.3824299360520533,12,3,COMPLETE
96,0.039030916463512116,0.13929570740804428,2026-05-25 03:52:34.955551,2026-05-25 03:58:58.885699,0 days 00:06:23.930148,True,,0.7741561345287704,6,10,6,1.0580853785903106,12,3,COMPLETE
97,0.13430917537773873,0.18847184690123486,2026-05-25 03:58:58.933327,2026-05-25 04:05:07.043605,0 days 00:06:08.110278,True,,0.70733859459212,9,11,5,2.8986076963437,13,3,COMPLETE
98,0.06058664935159729,0.1466677209642338,2026-05-25 04:05:07.087146,2026-05-25 04:14:22.811156,0 days 00:09:15.724010,False,1.3320971242037911,,5,4,23,1.6826512574080588,6,3,COMPLETE
99,0.0913997249657554,0.16335129609590143,2026-05-25 04:14:22.857118,2026-05-25 04:25:58.914141,0 days 00:11:36.057023,False,1.5231278788469944,,18,2,14,1.5783737811075276,14,3,COMPLETE
